0 info it worked if it ends with ok
1 verbose cli [ 'C:\\PROGRA~1\\iojs\\node.exe',
1 verbose cli   'C:\\PROGRA~1\\iojs\\node_modules\\npm\\bin\\npm-cli.js',
1 verbose cli   'start' ]
2 info using npm@2.11.1
3 info using node@v2.3.0
4 verbose stack Error: missing script: start
4 verbose stack     at run (C:\PROGRA~1\iojs\node_modules\npm\lib\run-script.js:142:19)
4 verbose stack     at C:\PROGRA~1\iojs\node_modules\npm\lib\run-script.js:58:5
4 verbose stack     at C:\PROGRA~1\iojs\node_modules\npm\node_modules\read-package-json\read-json.js:345:5
4 verbose stack     at checkBinReferences_ (C:\PROGRA~1\iojs\node_modules\npm\node_modules\read-package-json\read-json.js:309:45)
4 verbose stack     at final (C:\PROGRA~1\iojs\node_modules\npm\node_modules\read-package-json\read-json.js:343:3)
4 verbose stack     at then (C:\PROGRA~1\iojs\node_modules\npm\node_modules\read-package-json\read-json.js:113:5)
4 verbose stack     at ReadFileContext.callback (C:\PROGRA~1\iojs\node_modules\npm\node_modules\read-package-json\read-json.js:284:20)
4 verbose stack     at FSReqWrap.readFileAfterOpen [as oncomplete] (evalmachine.<anonymous>:303:13)
5 verbose cwd C:\Users\joshchan\github.com\futurechan\logstash-demo\3-structured-logging\node-service
6 error Windows_NT 6.1.7601
7 error argv "C:\\PROGRA~1\\iojs\\node.exe" "C:\\PROGRA~1\\iojs\\node_modules\\npm\\bin\\npm-cli.js" "start"
8 error node v2.3.0
9 error npm  v2.11.1
10 error missing script: start
11 error If you need help, you may report this error at:
11 error     <https://github.com/npm/npm/issues>
12 verbose exit [ 1, true ]
